

***********************************************************************
Fatal NI connect error 12560, connecting to:
 (DESCRIPTION=(ADDRESS=(PROTOCOL=BEQ)(PROGRAM=oracle)(ARGV0=oraclebudget)(ARGS='(DESCRIPTION=(LOCAL=YES)(ADDRESS=(PROTOCOL=beq)))'))(CONNECT_DATA=(SID=budget)(CID=(PROGRAM=F:\oracle\product\10.2.0\db_1\bin\exp.exe)(HOST=MANAKA)(USER=Toavina?RALAMBOSOA))))

  VERSION INFORMATION:
	TNS for 32-bit Windows: Version 10.2.0.3.0 - Production
	Oracle Bequeath NT Protocol Adapter for 32-bit Windows: Version 10.2.0.3.0 - Production
  Time: 17-AOÛT -2017 10:26:54
  Tracing not turned on.
  Tns error struct:
    ns main err code: 12560
    TNS-12560: TNS : erreur d'adaptateur de protocole
    ns secondary err code: 0
    nt main err code: 530
    TNS-00530: Erreur d'adaptateur de protocole
    nt secondary err code: 2
    nt OS err code: 0


***********************************************************************
Fatal NI connect error 12560, connecting to:
 (DESCRIPTION=(ADDRESS=(PROTOCOL=BEQ)(PROGRAM=oracle)(ARGV0=oraclebudget)(ARGS='(DESCRIPTION=(LOCAL=YES)(ADDRESS=(PROTOCOL=beq)))'))(CONNECT_DATA=(SID=budget)(CID=(PROGRAM=F:\oracle\product\10.2.0\db_1\bin\exp.exe)(HOST=MANAKA)(USER=Toavina?RALAMBOSOA))))

  VERSION INFORMATION:
	TNS for 32-bit Windows: Version 10.2.0.3.0 - Production
	Oracle Bequeath NT Protocol Adapter for 32-bit Windows: Version 10.2.0.3.0 - Production
  Time: 17-AOÛT -2017 10:28:13
  Tracing not turned on.
  Tns error struct:
    ns main err code: 12560
    TNS-12560: TNS : erreur d'adaptateur de protocole
    ns secondary err code: 0
    nt main err code: 530
    TNS-00530: Erreur d'adaptateur de protocole
    nt secondary err code: 2
    nt OS err code: 0
